<?xml version="1.0" encoding="UTF-8"?>
<!-- Generated by org.testng.reporters.JUnitReportReporter -->
<testsuite hostname="SarithaChandrahas" name="demosite.LoginSetUp" tests="2" failures="0" timestamp="8 Sep 2021 02:42:01 GMT" time="4.394" errors="0">
  <testcase name="loginToMercury" time="0.859" classname="demosite.LoginSetUp"/>
  <testcase name="loginToMercury" time="3.535" classname="demosite.LoginSetUp"/>
</testsuite> <!-- demosite.LoginSetUp -->
